[debug] [2025-12-19T14:15:47.464Z] ----------------------------------------------------------------------
[debug] [2025-12-19T14:15:47.468Z] Command:       C:\Program Files\nodejs\node.exe C:\Users\pkp15\AppData\Roaming\npm\node_modules\firebase-tools\lib\bin\firebase.js deploy --only functions
[debug] [2025-12-19T14:15:47.468Z] CLI Version:   15.1.0
[debug] [2025-12-19T14:15:47.468Z] Platform:      win32
[debug] [2025-12-19T14:15:47.468Z] Node Version:  v24.11.1
[debug] [2025-12-19T14:15:47.469Z] Time:          Fri Dec 19 2025 19:45:47 GMT+0530 (India Standard Time)
[debug] [2025-12-19T14:15:47.469Z] ----------------------------------------------------------------------
[debug] 
[debug] [2025-12-19T14:15:49.735Z] > command requires scopes: ["email","openid","https://www.googleapis.com/auth/cloudplatformprojects.readonly","https://www.googleapis.com/auth/firebase","https://www.googleapis.com/auth/cloud-platform"]
[debug] [2025-12-19T14:15:49.736Z] > authorizing via signed-in user (princekumar151998@gmail.com)
[debug] [2025-12-19T14:15:49.736Z] [iam] checking project myhumsafar-5b72d for permissions ["cloudfunctions.functions.create","cloudfunctions.functions.delete","cloudfunctions.functions.get","cloudfunctions.functions.list","cloudfunctions.functions.update","cloudfunctions.operations.get","firebase.projects.get"]
[debug] [2025-12-19T14:15:49.737Z] Checked if tokens are valid: true, expires at: 1766155994034
[debug] [2025-12-19T14:15:49.737Z] Checked if tokens are valid: true, expires at: 1766155994034
[debug] [2025-12-19T14:15:49.738Z] >>> [apiv2][query] POST https://cloudresourcemanager.googleapis.com/v1/projects/myhumsafar-5b72d:testIamPermissions [none]
[debug] [2025-12-19T14:15:49.738Z] >>> [apiv2][(partial)header] POST https://cloudresourcemanager.googleapis.com/v1/projects/myhumsafar-5b72d:testIamPermissions x-goog-quota-user=projects/myhumsafar-5b72d
[debug] [2025-12-19T14:15:49.738Z] >>> [apiv2][body] POST https://cloudresourcemanager.googleapis.com/v1/projects/myhumsafar-5b72d:testIamPermissions {"permissions":["cloudfunctions.functions.create","cloudfunctions.functions.delete","cloudfunctions.functions.get","cloudfunctions.functions.list","cloudfunctions.functions.update","cloudfunctions.operations.get","firebase.projects.get"]}
[debug] [2025-12-19T14:15:51.391Z] <<< [apiv2][status] POST https://cloudresourcemanager.googleapis.com/v1/projects/myhumsafar-5b72d:testIamPermissions 200
[debug] [2025-12-19T14:15:51.391Z] <<< [apiv2][body] POST https://cloudresourcemanager.googleapis.com/v1/projects/myhumsafar-5b72d:testIamPermissions {"permissions":["cloudfunctions.functions.create","cloudfunctions.functions.delete","cloudfunctions.functions.get","cloudfunctions.functions.list","cloudfunctions.functions.update","cloudfunctions.operations.get","firebase.projects.get"]}
[debug] [2025-12-19T14:15:51.391Z] Checked if tokens are valid: true, expires at: 1766155994034
[debug] [2025-12-19T14:15:51.391Z] Checked if tokens are valid: true, expires at: 1766155994034
[debug] [2025-12-19T14:15:51.391Z] >>> [apiv2][query] POST https://iam.googleapis.com/v1/projects/myhumsafar-5b72d/serviceAccounts/myhumsafar-5b72d@appspot.gserviceaccount.com:testIamPermissions [none]
[debug] [2025-12-19T14:15:51.391Z] >>> [apiv2][body] POST https://iam.googleapis.com/v1/projects/myhumsafar-5b72d/serviceAccounts/myhumsafar-5b72d@appspot.gserviceaccount.com:testIamPermissions {"permissions":["iam.serviceAccounts.actAs"]}
[debug] [2025-12-19T14:15:53.270Z] <<< [apiv2][status] POST https://iam.googleapis.com/v1/projects/myhumsafar-5b72d/serviceAccounts/myhumsafar-5b72d@appspot.gserviceaccount.com:testIamPermissions 200
[debug] [2025-12-19T14:15:53.271Z] <<< [apiv2][body] POST https://iam.googleapis.com/v1/projects/myhumsafar-5b72d/serviceAccounts/myhumsafar-5b72d@appspot.gserviceaccount.com:testIamPermissions {"permissions":["iam.serviceAccounts.actAs"]}
[info] 
[info] === Deploying to 'myhumsafar-5b72d'...
[info] 
[info] i  deploying functions 
[info] +  functions: Finished running predeploy script. 
[debug] [2025-12-19T14:15:53.283Z] Checked if tokens are valid: true, expires at: 1766155994034
[debug] [2025-12-19T14:15:53.283Z] Checked if tokens are valid: true, expires at: 1766155994034
[debug] [2025-12-19T14:15:53.283Z] >>> [apiv2][query] GET https://cloudresourcemanager.googleapis.com/v1/projects/myhumsafar-5b72d [none]
[debug] [2025-12-19T14:15:53.637Z] <<< [apiv2][status] GET https://cloudresourcemanager.googleapis.com/v1/projects/myhumsafar-5b72d 200
[debug] [2025-12-19T14:15:53.637Z] <<< [apiv2][body] GET https://cloudresourcemanager.googleapis.com/v1/projects/myhumsafar-5b72d {"projectNumber":"455231316018","projectId":"myhumsafar-5b72d","lifecycleState":"ACTIVE","name":"TruSathi","labels":{"firebase":"enabled","firebase-core":"disabled"},"createTime":"2025-11-29T10:30:01.111289Z"}
[info] i  functions: preparing codebase default for deployment 
[info] i  functions: ensuring required API cloudfunctions.googleapis.com is enabled... 
[info] i  functions: ensuring required API cloudbuild.googleapis.com is enabled... 
[info] i  artifactregistry: ensuring required API artifactregistry.googleapis.com is enabled... 
[debug] [2025-12-19T14:15:53.639Z] Checked if tokens are valid: true, expires at: 1766155994034
[debug] [2025-12-19T14:15:53.639Z] Checked if tokens are valid: true, expires at: 1766155994034
[debug] [2025-12-19T14:15:53.640Z] >>> [apiv2][query] GET https://firebase.googleapis.com/v1beta1/projects/myhumsafar-5b72d/adminSdkConfig [none]
[debug] [2025-12-19T14:15:54.122Z] <<< [apiv2][status] GET https://firebase.googleapis.com/v1beta1/projects/myhumsafar-5b72d/adminSdkConfig 200
[debug] [2025-12-19T14:15:54.122Z] <<< [apiv2][body] GET https://firebase.googleapis.com/v1beta1/projects/myhumsafar-5b72d/adminSdkConfig {"projectId":"myhumsafar-5b72d","storageBucket":"myhumsafar-5b72d.firebasestorage.app"}
[debug] [2025-12-19T14:15:54.122Z] Checked if tokens are valid: true, expires at: 1766155994034
[debug] [2025-12-19T14:15:54.122Z] Checked if tokens are valid: true, expires at: 1766155994034
[debug] [2025-12-19T14:15:54.122Z] >>> [apiv2][query] GET https://runtimeconfig.googleapis.com/v1beta1/projects/myhumsafar-5b72d/configs [none]
[debug] [2025-12-19T14:15:54.802Z] <<< [apiv2][status] GET https://runtimeconfig.googleapis.com/v1beta1/projects/myhumsafar-5b72d/configs 200
[debug] [2025-12-19T14:15:54.802Z] <<< [apiv2][body] GET https://runtimeconfig.googleapis.com/v1beta1/projects/myhumsafar-5b72d/configs {}
[debug] [2025-12-19T14:15:54.804Z] Validating nodejs source
[warn] !  functions: package.json indicates an outdated version of firebase-functions. Please upgrade using npm install --save firebase-functions@latest in your functions directory. 
[debug] [2025-12-19T14:15:55.984Z] > [functions] package.json contents: {
  "name": "functions",
  "description": "Cloud Functions for Firebase",
  "scripts": {
    "lint": "eslint .",
    "serve": "firebase emulators:start --only functions",
    "shell": "firebase functions:shell",
    "start": "npm run shell",
    "deploy": "firebase deploy --only functions",
    "logs": "firebase functions:log"
  },
  "engines": {
    "node": "24"
  },
  "main": "index.js",
  "dependencies": {
    "firebase-admin": "^13.6.0",
    "firebase-functions": "^7.0.0"
  },
  "devDependencies": {
    "eslint": "^8.15.0",
    "eslint-config-google": "^0.14.0",
    "firebase-functions-test": "^3.4.1"
  },
  "private": true
}
[debug] [2025-12-19T14:15:55.984Z] Building nodejs source
[info] i  functions: Loading and analyzing source code for codebase default to determine what to deploy 
[debug] [2025-12-19T14:15:55.985Z] Could not find functions.yaml. Must use http discovery
[debug] [2025-12-19T14:15:55.994Z] Found firebase-functions binary at 'C:\Users\pkp15\OneDrive\Documents\GitHub\humsafar\functions\node_modules\.bin\firebase-functions'
